[ 66%] Built target camera
[ 66%] Built target shared_messages_generate_messages_py
[ 66%] Built target sensor_msgs_generate_messages_lisp
[ 66%] Built target sensor_msgs_generate_messages_cpp
[ 66%] Built target geometry_msgs_generate_messages_cpp
[ 66%] Built target geometry_msgs_generate_messages_py
[ 66%] Built target rosgraph_msgs_generate_messages_lisp
[ 66%] Built target rosgraph_msgs_generate_messages_py
[ 66%] Built target std_msgs_generate_messages_lisp
[ 66%] Built target shared_messages_generate_messages_lisp
[ 66%] Built target roscpp_generate_messages_py
[ 66%] Built target roscpp_generate_messages_lisp
[ 66%] Built target std_msgs_generate_messages_cpp
[ 66%] Built target std_msgs_generate_messages_py
[ 66%] Built target geometry_msgs_generate_messages_lisp
[ 66%] Built target roscpp_generate_messages_cpp
[ 66%] Built target sensor_msgs_generate_messages_py
[ 66%] Built target shared_messages_generate_messages_cpp
[ 66%] Built target rosgraph_msgs_generate_messages_cpp
[100%] Built target target
